Determining if the pthread_create exist failed with the following output:
Change Dir: /home/bramubuntu/realsense_samples/build/samples/common/web_display/transporter/seasocks_lib-prefix/src/seasocks_lib-build/CMakeFiles/CMakeTmp

Run Build Command:"/usr/bin/make" "cmTC_8febb/fast"
make[3]: Entering directory '/home/bramubuntu/realsense_samples/build/samples/common/web_display/transporter/seasocks_lib-prefix/src/seasocks_lib-build/CMakeFiles/CMakeTmp'
/usr/bin/make -f CMakeFiles/cmTC_8febb.dir/build.make CMakeFiles/cmTC_8febb.dir/build
make[4]: Entering directory '/home/bramubuntu/realsense_samples/build/samples/common/web_display/transporter/seasocks_lib-prefix/src/seasocks_lib-build/CMakeFiles/CMakeTmp'
Building C object CMakeFiles/cmTC_8febb.dir/CheckSymbolExists.c.o
/usr/bin/cc     -o CMakeFiles/cmTC_8febb.dir/CheckSymbolExists.c.o   -c /home/bramubuntu/realsense_samples/build/samples/common/web_display/transporter/seasocks_lib-prefix/src/seasocks_lib-build/CMakeFiles/CMakeTmp/CheckSymbolExists.c
Linking C executable cmTC_8febb
/usr/bin/cmake -E cmake_link_script CMakeFiles/cmTC_8febb.dir/link.txt --verbose=1
/usr/bin/cc       CMakeFiles/cmTC_8febb.dir/CheckSymbolExists.c.o  -o cmTC_8febb -rdynamic 
CMakeFiles/cmTC_8febb.dir/CheckSymbolExists.c.o: In function `main':
CheckSymbolExists.c:(.text+0x16): undefined reference to `pthread_create'
collect2: error: ld returned 1 exit status
CMakeFiles/cmTC_8febb.dir/build.make:97: recipe for target 'cmTC_8febb' failed
make[4]: *** [cmTC_8febb] Error 1
make[4]: Leaving directory '/home/bramubuntu/realsense_samples/build/samples/common/web_display/transporter/seasocks_lib-prefix/src/seasocks_lib-build/CMakeFiles/CMakeTmp'
Makefile:126: recipe for target 'cmTC_8febb/fast' failed
make[3]: *** [cmTC_8febb/fast] Error 2
make[3]: Leaving directory '/home/bramubuntu/realsense_samples/build/samples/common/web_display/transporter/seasocks_lib-prefix/src/seasocks_lib-build/CMakeFiles/CMakeTmp'

File /home/bramubuntu/realsense_samples/build/samples/common/web_display/transporter/seasocks_lib-prefix/src/seasocks_lib-build/CMakeFiles/CMakeTmp/CheckSymbolExists.c:
/* */
#include <pthread.h>

int main(int argc, char** argv)
{
  (void)argv;
#ifndef pthread_create
  return ((int*)(&pthread_create))[argc];
#else
  (void)argc;
  return 0;
#endif
}

Determining if the function pthread_create exists in the pthreads failed with the following output:
Change Dir: /home/bramubuntu/realsense_samples/build/samples/common/web_display/transporter/seasocks_lib-prefix/src/seasocks_lib-build/CMakeFiles/CMakeTmp

Run Build Command:"/usr/bin/make" "cmTC_e25f2/fast"
make[3]: Entering directory '/home/bramubuntu/realsense_samples/build/samples/common/web_display/transporter/seasocks_lib-prefix/src/seasocks_lib-build/CMakeFiles/CMakeTmp'
/usr/bin/make -f CMakeFiles/cmTC_e25f2.dir/build.make CMakeFiles/cmTC_e25f2.dir/build
make[4]: Entering directory '/home/bramubuntu/realsense_samples/build/samples/common/web_display/transporter/seasocks_lib-prefix/src/seasocks_lib-build/CMakeFiles/CMakeTmp'
Building C object CMakeFiles/cmTC_e25f2.dir/CheckFunctionExists.c.o
/usr/bin/cc    -DCHECK_FUNCTION_EXISTS=pthread_create   -o CMakeFiles/cmTC_e25f2.dir/CheckFunctionExists.c.o   -c /usr/share/cmake-3.5/Modules/CheckFunctionExists.c
Linking C executable cmTC_e25f2
/usr/bin/cmake -E cmake_link_script CMakeFiles/cmTC_e25f2.dir/link.txt --verbose=1
/usr/bin/cc   -DCHECK_FUNCTION_EXISTS=pthread_create    CMakeFiles/cmTC_e25f2.dir/CheckFunctionExists.c.o  -o cmTC_e25f2 -rdynamic -lpthreads 
/usr/bin/ld: cannot find -lpthreads
collect2: error: ld returned 1 exit status
CMakeFiles/cmTC_e25f2.dir/build.make:97: recipe for target 'cmTC_e25f2' failed
make[4]: *** [cmTC_e25f2] Error 1
make[4]: Leaving directory '/home/bramubuntu/realsense_samples/build/samples/common/web_display/transporter/seasocks_lib-prefix/src/seasocks_lib-build/CMakeFiles/CMakeTmp'
Makefile:126: recipe for target 'cmTC_e25f2/fast' failed
make[3]: *** [cmTC_e25f2/fast] Error 2
make[3]: Leaving directory '/home/bramubuntu/realsense_samples/build/samples/common/web_display/transporter/seasocks_lib-prefix/src/seasocks_lib-build/CMakeFiles/CMakeTmp'


